<?xml version="1.0" encoding="UTF-8"?>
<!-- Generated by org.testng.reporters.JUnitReportReporter -->
<testsuite hostname="DESKTOP-1OTRTVE" failures="0" tests="1" name="BenchSalesRecruiterPage.BulkEmailTest" time="9.146" errors="0" timestamp="2025-04-22T14:55:23 IST" skipped="0">
  <testcase classname="BenchSalesRecruiterPage.BulkEmailTest" name="BulkEmailsTestCases" time="9.146"/>
  <system-out/>
</testsuite> <!-- BenchSalesRecruiterPage.BulkEmailTest -->
