<?xml version="1.0" encoding="UTF-8"?>
<!-- Generated by org.testng.reporters.JUnitReportReporter -->
<testsuite hostname="DESKTOP-1OTRTVE" failures="0" tests="1" name="ActiveJobsPOMTestCases.EmployerRegistrationTest" time="4.531" errors="0" timestamp="2025-07-03T13:33:56 IST" skipped="0">
  <testcase classname="ActiveJobsPOMTestCases.EmployerRegistrationTest" name="EmployerRegistration" time="4.531"/>
  <system-out/>
</testsuite> <!-- ActiveJobsPOMTestCases.EmployerRegistrationTest -->
