<?xml version="1.0" encoding="UTF-8"?>
<!-- Generated by org.testng.reporters.JUnitReportReporter -->
<testsuite hostname="DESKTOP-1OTRTVE" failures="0" tests="1" name="ActiveJobsHomePageTestCases.ForgotTest" time="10.333" errors="0" timestamp="2025-08-11T09:50:08 IST" skipped="0">
  <testcase classname="ActiveJobsHomePageTestCases.ForgotTest" name="ForgotPage" time="10.333"/>
  <system-out/>
</testsuite> <!-- ActiveJobsHomePageTestCases.ForgotTest -->
