<?xml version="1.0" encoding="UTF-8"?>
<!-- Generated by org.testng.reporters.JUnitReportReporter -->
<testsuite hostname="DESKTOP-1OTRTVE" failures="0" tests="1" name="ActiveJobsHomePageTestCases.ResendOtpTest" time="21.301" errors="0" timestamp="2025-08-09T18:50:24 IST" skipped="0">
  <testcase classname="ActiveJobsHomePageTestCases.ResendOtpTest" name="ForgotPage" time="21.301"/>
  <system-out/>
</testsuite> <!-- ActiveJobsHomePageTestCases.ResendOtpTest -->
