<?xml version="1.0" encoding="UTF-8"?>
<!-- Generated by org.testng.reporters.JUnitReportReporter -->
<testsuite hostname="DESKTOP-1OTRTVE" failures="0" tests="1" name="ActiveJobsHomePageTestCases.ViewSimilarJobViewButtonTest" time="4.938" errors="0" timestamp="2025-08-11T09:55:30 IST" skipped="0">
  <testcase classname="ActiveJobsHomePageTestCases.ViewSimilarJobViewButtonTest" name="ViewJobsButton" time="4.938"/>
  <system-out/>
</testsuite> <!-- ActiveJobsHomePageTestCases.ViewSimilarJobViewButtonTest -->
