<?xml version="1.0" encoding="UTF-8"?>
<!-- Generated by org.testng.reporters.JUnitReportReporter -->
<testsuite hostname="DESKTOP-1OTRTVE" failures="0" tests="1" name="ActiveJobsHomePageTestCases.WTwoCheckboxTest" time="0.735" errors="0" timestamp="2025-08-11T09:57:04 IST" skipped="0">
  <testcase classname="ActiveJobsHomePageTestCases.WTwoCheckboxTest" name="Checkbox" time="0.735"/>
  <system-out/>
</testsuite> <!-- ActiveJobsHomePageTestCases.WTwoCheckboxTest -->
