<?xml version="1.0" encoding="UTF-8"?>
<!-- Generated by org.testng.reporters.JUnitReportReporter -->
<testsuite hostname="DESKTOP-1OTRTVE" failures="0" tests="1" name="ActiveJobsPOMTestCases.JobseekerRegistrationTest" time="3.877" errors="0" timestamp="2025-08-07T15:50:01 IST" skipped="0">
  <testcase classname="ActiveJobsPOMTestCases.JobseekerRegistrationTest" name="JobseekerTest" time="3.877"/>
  <system-out/>
</testsuite> <!-- ActiveJobsPOMTestCases.JobseekerRegistrationTest -->
