<?xml version="1.0" encoding="UTF-8"?>
<!-- Generated by org.testng.reporters.JUnitReportReporter -->
<testsuite hostname="DESKTOP-1OTRTVE" failures="0" tests="1" name="ActiveJobsHomePageTestCases.FindButtonTest" time="0.453" errors="0" timestamp="2025-08-11T09:38:40 IST" skipped="0">
  <testcase classname="ActiveJobsHomePageTestCases.FindButtonTest" name="FindData" time="0.453"/>
  <system-out/>
</testsuite> <!-- ActiveJobsHomePageTestCases.FindButtonTest -->
