<?xml version="1.0" encoding="UTF-8"?>
<!-- Generated by org.testng.reporters.JUnitReportReporter -->
<testsuite hostname="DESKTOP-1OTRTVE" failures="0" tests="1" name="ActiveJobsHomePage.HomePageOpen" time="0.100" errors="0" timestamp="2025-07-18T10:15:00 IST" skipped="0">
  <testcase classname="ActiveJobsHomePage.HomePageOpen" name="PageOpen" time="0.100"/>
  <system-out/>
</testsuite> <!-- ActiveJobsHomePage.HomePageOpen -->
