<?xml version="1.0" encoding="UTF-8"?>
<!-- Generated by org.testng.reporters.JUnitReportReporter -->
<testsuite hostname="DESKTOP-1OTRTVE" failures="0" tests="1" name="ActiveJobsHomePageTestCases.ForgotTest" time="4.099" errors="0" timestamp="2025-04-22T13:23:38 IST" skipped="0">
  <testcase classname="ActiveJobsHomePageTestCases.ForgotTest" name="ForgotPage" time="4.099"/>
  <system-out/>
</testsuite> <!-- ActiveJobsHomePageTestCases.ForgotTest -->
