<?xml version="1.0" encoding="UTF-8"?>
<!-- Generated by org.testng.reporters.JUnitReportReporter -->
<testsuite hostname="DESKTOP-1OTRTVE" failures="0" tests="1" name="BenchSalesRecruiterPage.DataCollectionTest" time="8.027" errors="0" timestamp="2025-04-22T14:55:23 IST" skipped="0">
  <testcase classname="BenchSalesRecruiterPage.DataCollectionTest" name="BulkPageTestCase" time="8.027"/>
  <system-out/>
</testsuite> <!-- BenchSalesRecruiterPage.DataCollectionTest -->
