<?xml version="1.0" encoding="UTF-8"?>
<!-- Generated by org.testng.reporters.JUnitReportReporter -->
<testsuite hostname="DESKTOP-1OTRTVE" failures="0" tests="1" name="ActiveJobsHomePageTestCases.ViewButtonTest" time="4.001" errors="0" timestamp="2025-04-22T13:23:38 IST" skipped="0">
  <testcase classname="ActiveJobsHomePageTestCases.ViewButtonTest" name="testViewAndApplyButton" time="4.001"/>
  <system-out/>
</testsuite> <!-- ActiveJobsHomePageTestCases.ViewButtonTest -->
