<?xml version="1.0" encoding="UTF-8"?>
<!-- Generated by org.testng.reporters.JUnitReportReporter -->
<testsuite hostname="DESKTOP-1OTRTVE" failures="0" tests="1" name="ActiveJobsPOMTestCases.BSRLoginTest" time="4.465" errors="0" timestamp="2025-04-25T22:12:33 IST" skipped="0">
  <testcase classname="ActiveJobsPOMTestCases.BSRLoginTest" name="BsrLoginPage" time="4.465"/>
  <system-out/>
</testsuite> <!-- ActiveJobsPOMTestCases.BSRLoginTest -->
