<?xml version="1.0" encoding="UTF-8"?>
<!-- Generated by org.testng.reporters.JUnitReportReporter -->
<testsuite hostname="DESKTOP-1OTRTVE" failures="0" tests="1" name="ActiveJobsPOMTestCases.EmployerLoginTest" time="5.983" errors="0" timestamp="2025-08-09T17:51:28 IST" skipped="0">
  <testcase classname="ActiveJobsPOMTestCases.EmployerLoginTest" name="EmployerLogin" time="5.983"/>
  <system-out/>
</testsuite> <!-- ActiveJobsPOMTestCases.EmployerLoginTest -->
