<?xml version="1.0" encoding="UTF-8"?>
<!-- Generated by org.testng.reporters.JUnitReportReporter -->
<testsuite hostname="DESKTOP-1OTRTVE" failures="0" tests="1" name="BenchSalesRecruiterPage.ConsultantCancelButtonTest" time="37.693" errors="0" timestamp="2025-04-22T14:55:23 IST" skipped="0">
  <testcase classname="BenchSalesRecruiterPage.ConsultantCancelButtonTest" name="ConsultantCancelTestCases" time="37.693"/>
  <system-out/>
</testsuite> <!-- BenchSalesRecruiterPage.ConsultantCancelButtonTest -->
