<?xml version="1.0" encoding="UTF-8"?>
<!-- Generated by org.testng.reporters.JUnitReportReporter -->
<testsuite hostname="DESKTOP-1OTRTVE" failures="0" tests="1" name="ActiveJobsHomePageTestCases.ApplyNowButtonTest" time="0.272" errors="0" timestamp="2025-07-03T12:12:02 IST" skipped="0">
  <testcase classname="ActiveJobsHomePageTestCases.ApplyNowButtonTest" name="JobApplyButton" time="0.272"/>
  <system-out/>
</testsuite> <!-- ActiveJobsHomePageTestCases.ApplyNowButtonTest -->
