<?xml version="1.0" encoding="UTF-8"?>
<!-- Generated by org.testng.reporters.JUnitReportReporter -->
<testsuite hostname="DESKTOP-1OTRTVE" failures="0" tests="1" name="BenchSalesRecruiterPage.ChangePasswordTest" time="7.199" errors="0" timestamp="2025-04-22T14:55:23 IST" skipped="0">
  <testcase classname="BenchSalesRecruiterPage.ChangePasswordTest" name="ChangePasswordTestCase" time="7.199"/>
  <system-out/>
</testsuite> <!-- BenchSalesRecruiterPage.ChangePasswordTest -->
