<?xml version="1.0" encoding="UTF-8"?>
<!-- Generated by org.testng.reporters.JUnitReportReporter -->
<testsuite hostname="DESKTOP-1OTRTVE" failures="0" tests="1" name="ActiveJobsPOMTestCases.JobseekerRegistrationTest" time="4.483" errors="0" timestamp="2025-04-25T22:12:33 IST" skipped="0">
  <testcase classname="ActiveJobsPOMTestCases.JobseekerRegistrationTest" name="JobseekerTest" time="4.483"/>
  <system-out/>
</testsuite> <!-- ActiveJobsPOMTestCases.JobseekerRegistrationTest -->
