<?xml version="1.0" encoding="UTF-8"?>
<!-- Generated by org.testng.reporters.JUnitReportReporter -->
<testsuite hostname="DESKTOP-1OTRTVE" failures="0" tests="1" name="ActiveJobsHomePageTestCases.FiltersButtonPOMTestCase" time="1.745" errors="0" timestamp="2025-05-27T12:28:44 IST" skipped="0">
  <testcase classname="ActiveJobsHomePageTestCases.FiltersButtonPOMTestCase" name="Filters" time="1.745"/>
  <system-out/>
</testsuite> <!-- ActiveJobsHomePageTestCases.FiltersButtonPOMTestCase -->
