<?xml version="1.0" encoding="UTF-8"?>
<!-- Generated by org.testng.reporters.JUnitReportReporter -->
<testsuite hostname="DESKTOP-1OTRTVE" failures="0" tests="2" name="BenchSalesRecruiterPage.BSRLoginHomeTest" time="12.040" errors="0" timestamp="2025-05-03T10:10:18 IST" skipped="0">
  <testcase classname="BenchSalesRecruiterPage.BSRLoginHomeTest" name="BsrLoginPage" time="9.740"/>
  <system-out/>
  <testcase classname="BenchSalesRecruiterPage.BSRLoginHomeTest" name="Logout" time="2.300"/>
  <system-out/>
</testsuite> <!-- BenchSalesRecruiterPage.BSRLoginHomeTest -->
