<?xml version="1.0" encoding="UTF-8"?>
<!-- Generated by org.testng.reporters.JUnitReportReporter -->
<testsuite hostname="DESKTOP-1OTRTVE" failures="0" tests="1" name="ActiveJobsPOMTestCases.EmployerRegistrationTest" time="5.844" errors="0" timestamp="2025-08-07T15:44:42 IST" skipped="0">
  <testcase classname="ActiveJobsPOMTestCases.EmployerRegistrationTest" name="EmployerRegistration" time="5.844"/>
  <system-out/>
</testsuite> <!-- ActiveJobsPOMTestCases.EmployerRegistrationTest -->
