<?xml version="1.0" encoding="UTF-8"?>
<!-- Generated by org.testng.reporters.JUnitReportReporter -->
<testsuite hostname="DESKTOP-1OTRTVE" failures="0" tests="1" name="ActiveJobsHomePageTestCases.ViewButtonTest" time="2.939" errors="0" timestamp="2025-08-11T09:52:10 IST" skipped="0">
  <testcase classname="ActiveJobsHomePageTestCases.ViewButtonTest" name="testViewAndApplyButton" time="2.939"/>
  <system-out/>
</testsuite> <!-- ActiveJobsHomePageTestCases.ViewButtonTest -->
