<?xml version="1.0" encoding="UTF-8"?>
<!-- Generated by org.testng.reporters.JUnitReportReporter -->
<testsuite hostname="DESKTOP-1OTRTVE" failures="0" tests="1" name="ActiveJobsHomePageTestCases.ForgotCancelButtonTest" time="3.936" errors="0" timestamp="2025-08-11T09:46:28 IST" skipped="0">
  <testcase classname="ActiveJobsHomePageTestCases.ForgotCancelButtonTest" name="ForgotPage" time="3.936"/>
  <system-out/>
</testsuite> <!-- ActiveJobsHomePageTestCases.ForgotCancelButtonTest -->
