<?xml version="1.0" encoding="UTF-8"?>
<!-- Generated by org.testng.reporters.JUnitReportReporter -->
<testsuite hostname="DESKTOP-1OTRTVE" failures="0" tests="1" name="ActiveJobsHomePageTestCases.ViewSimilarJobsButtonTest" time="0.480" errors="0" timestamp="2025-04-22T13:23:38 IST" skipped="0">
  <testcase classname="ActiveJobsHomePageTestCases.ViewSimilarJobsButtonTest" name="ViewSimilarJobButton" time="0.480"/>
  <system-out/>
</testsuite> <!-- ActiveJobsHomePageTestCases.ViewSimilarJobsButtonTest -->
