<?xml version="1.0" encoding="UTF-8"?>
<!-- Generated by org.testng.reporters.JUnitReportReporter -->
<testsuite hostname="DESKTOP-1OTRTVE" failures="0" tests="1" name="ActiveJobsPOMTestCases.EmployerLoginTest" time="4.652" errors="0" timestamp="2025-08-09T17:57:39 IST" skipped="0">
  <testcase classname="ActiveJobsPOMTestCases.EmployerLoginTest" name="EmployerLogin" time="4.652"/>
</testsuite> <!-- ActiveJobsPOMTestCases.EmployerLoginTest -->
