<?xml version="1.0" encoding="UTF-8"?>
<!-- Generated by org.testng.reporters.JUnitReportReporter -->
<testsuite hostname="DESKTOP-1OTRTVE" failures="0" tests="1" name="BenchSalesRecruiterPage.ConsultantCancelButtonTest" time="7.194" errors="0" timestamp="2025-07-31T10:13:00 IST" skipped="0">
  <testcase classname="BenchSalesRecruiterPage.ConsultantCancelButtonTest" name="ConsultantCancelTestCases" time="7.194"/>
</testsuite> <!-- BenchSalesRecruiterPage.ConsultantCancelButtonTest -->
