<?xml version="1.0" encoding="UTF-8"?>
<!-- Generated by org.testng.reporters.JUnitReportReporter -->
<testsuite hostname="DESKTOP-1OTRTVE" failures="0" tests="1" name="BenchSalesRecruiterPage.ConsultantEditTest" time="8.400" errors="0" timestamp="2025-07-31T10:13:00 IST" skipped="0">
  <testcase classname="BenchSalesRecruiterPage.ConsultantEditTest" name="ConsultantPageTestCases" time="8.400"/>
</testsuite> <!-- BenchSalesRecruiterPage.ConsultantEditTest -->
