<?xml version="1.0" encoding="UTF-8"?>
<!-- Generated by org.testng.reporters.JUnitReportReporter -->
<testsuite hostname="DESKTOP-1OTRTVE" failures="0" tests="1" name="BenchSalesRecruiterPage.ViewDataTest" time="9.987" errors="0" timestamp="2025-07-31T10:13:00 IST" skipped="0">
  <testcase classname="BenchSalesRecruiterPage.ViewDataTest" name="BulkPageTestCase" time="9.987"/>
</testsuite> <!-- BenchSalesRecruiterPage.ViewDataTest -->
