<?xml version="1.0" encoding="UTF-8"?>
<!-- Generated by org.testng.reporters.JUnitReportReporter -->
<testsuite hostname="DESKTOP-1OTRTVE" failures="0" tests="1" name="ActiveJobsHomePageTestCases.SearchTextFieldTest" time="0.523" errors="0" timestamp="2025-08-11T09:59:16 IST" skipped="0">
  <testcase classname="ActiveJobsHomePageTestCases.SearchTextFieldTest" name="SearchJob" time="0.523"/>
</testsuite> <!-- ActiveJobsHomePageTestCases.SearchTextFieldTest -->
