<?xml version="1.0" encoding="UTF-8"?>
<!-- Generated by org.testng.reporters.JUnitReportReporter -->
<testsuite hostname="DESKTOP-1OTRTVE" failures="0" tests="1" name="ActiveJobsHomePageTestCases.ApplyNowButtonTest" time="0.428" errors="0" timestamp="2025-07-31T10:12:59 IST" skipped="0">
  <testcase classname="ActiveJobsHomePageTestCases.ApplyNowButtonTest" name="JobApplyButton" time="0.428"/>
</testsuite> <!-- ActiveJobsHomePageTestCases.ApplyNowButtonTest -->
