<?xml version="1.0" encoding="UTF-8"?>
<!-- Generated by org.testng.reporters.JUnitReportReporter -->
<testsuite hostname="DESKTOP-1OTRTVE" failures="0" tests="1" name="BenchSalesRecruiterPage.ConsultantDeleteTest" time="8.266" errors="0" timestamp="2025-07-31T10:12:59 IST" skipped="0">
  <testcase classname="BenchSalesRecruiterPage.ConsultantDeleteTest" name="ConsultantDeleteTestCases" time="8.266"/>
</testsuite> <!-- BenchSalesRecruiterPage.ConsultantDeleteTest -->
