<?xml version="1.0" encoding="UTF-8"?>
<!-- Generated by org.testng.reporters.JUnitReportReporter -->
<testsuite hostname="DESKTOP-1OTRTVE" failures="0" tests="1" name="BenchSalesRecruiterPage.DataCollectionTest" time="12.384" errors="0" timestamp="2025-07-31T10:12:59 IST" skipped="0">
  <testcase classname="BenchSalesRecruiterPage.DataCollectionTest" name="BulkPageTestCase" time="12.384"/>
</testsuite> <!-- BenchSalesRecruiterPage.DataCollectionTest -->
