<?xml version="1.0" encoding="UTF-8"?>
<!-- Generated by org.testng.reporters.JUnitReportReporter -->
<testsuite hostname="DESKTOP-1OTRTVE" failures="0" tests="1" name="ActiveJobsPOMTestCases.JobseekerRegistrationTest" time="3.994" errors="0" timestamp="2025-08-09T17:57:39 IST" skipped="0">
  <testcase classname="ActiveJobsPOMTestCases.JobseekerRegistrationTest" name="JobseekerTest" time="3.994"/>
</testsuite> <!-- ActiveJobsPOMTestCases.JobseekerRegistrationTest -->
